[debug] [2024-01-31T09:53:31.944Z] ----------------------------------------------------------------------
[debug] [2024-01-31T09:53:31.948Z] Command:       C:\Program Files\nodejs\node.exe C:\Users\seojisu\AppData\Roaming\npm\node_modules\firebase-tools\lib\bin\firebase.js init
[debug] [2024-01-31T09:53:31.949Z] CLI Version:   13.1.0
[debug] [2024-01-31T09:53:31.949Z] Platform:      win32
[debug] [2024-01-31T09:53:31.949Z] Node Version:  v21.2.0
[debug] [2024-01-31T09:53:31.950Z] Time:          Wed Jan 31 2024 18:53:31 GMT+0900 (대한민국 표준시)
[debug] [2024-01-31T09:53:31.950Z] ----------------------------------------------------------------------
[debug] 
[debug] [2024-01-31T09:53:31.959Z] > command requires scopes: ["email","openid","https://www.googleapis.com/auth/cloudplatformprojects.readonly","https://www.googleapis.com/auth/firebase","https://www.googleapis.com/auth/cloud-platform"]
[debug] [2024-01-31T09:53:31.960Z] > authorizing via signed-in user (wltn1024000@gmail.com)
[info] 
     ######## #### ########  ######## ########     ###     ######  ########
     ##        ##  ##     ## ##       ##     ##  ##   ##  ##       ##
     ######    ##  ########  ######   ########  #########  ######  ######
     ##        ##  ##    ##  ##       ##     ## ##     ##       ## ##
     ##       #### ##     ## ######## ########  ##     ##  ######  ########

You're about to initialize a Firebase project in this directory:

  C:\Users\seojisu\Desktop\studymatching-smashing-main (4)\studymatching-smashing-main\Downloads\studymatching-smashing-main_jisu

[info] 
=== Project Setup
[info] 
[info] First, let's associate this project directory with a Firebase project.
[info] You can create multiple project aliases by running firebase use --add, 
[info] but for now we'll just set up a default project.
[info] 
[debug] [2024-01-31T09:58:40.187Z] >>> [apiv2][query] GET https://firebase.googleapis.com/v1beta1/projects pageSize=100
[debug] [2024-01-31T09:58:41.064Z] <<< [apiv2][status] GET https://firebase.googleapis.com/v1beta1/projects 200
[debug] [2024-01-31T09:58:41.064Z] <<< [apiv2][body] GET https://firebase.googleapis.com/v1beta1/projects [omitted]
[info] i  Using project final-smashing (final smashing) 
[info] 
=== Hosting Setup
[debug] [2024-01-31T09:58:44.241Z] >>> [apiv2][query] GET https://firebase.googleapis.com/v1beta1/projects/final-smashing [none]
[debug] [2024-01-31T09:58:44.537Z] <<< [apiv2][status] GET https://firebase.googleapis.com/v1beta1/projects/final-smashing 200
[debug] [2024-01-31T09:58:44.538Z] <<< [apiv2][body] GET https://firebase.googleapis.com/v1beta1/projects/final-smashing {"projectId":"final-smashing","projectNumber":"527748083905","displayName":"final smashing","name":"projects/final-smashing","resources":{"hostingSite":"final-smashing","realtimeDatabaseInstance":"final-smashing-default-rtdb","storageBucket":"final-smashing.appspot.com","locationId":"asia-northeast3"},"state":"ACTIVE","etag":"1_5d80c429-207b-4652-976b-039d5addc47d"}
[info] 
[info] Your public directory is the folder (relative to your project directory) that
[info] will contain Hosting assets to be uploaded with firebase deploy. If you
[info] have a build process for your assets, use your build's output directory.
[info] 
